2025-12-06 19:48:31,714 - Video2Image - INFO - Created output directory at C:\Users\Ildeha\Desktop\Workflow\Video-Deneme-Scriptler\Video-2-image\images
2025-12-06 19:48:31,714 - Video2Image - INFO - Total frames in video: 750
2025-12-06 19:48:31,714 - Video2Image - INFO - Original video FPS: 25.0
2025-12-06 19:48:31,714 - Video2Image - INFO - Frame interval for extraction: 25.0
2025-12-06 19:48:31,773 - Video2Image - INFO - Saved frame 1 at C:\Users\Ildeha\Desktop\Workflow\Video-Deneme-Scriptler\Video-2-image\images
2025-12-06 19:48:31,871 - Video2Image - INFO - Saved frame 2 at C:\Users\Ildeha\Desktop\Workflow\Video-Deneme-Scriptler\Video-2-image\images
2025-12-06 19:48:31,966 - Video2Image - INFO - Saved frame 3 at C:\Users\Ildeha\Desktop\Workflow\Video-Deneme-Scriptler\Video-2-image\images
2025-12-06 19:48:32,051 - Video2Image - INFO - Saved frame 4 at C:\Users\Ildeha\Desktop\Workflow\Video-Deneme-Scriptler\Video-2-image\images
2025-12-06 19:48:32,132 - Video2Image - INFO - Saved frame 5 at C:\Users\Ildeha\Desktop\Workflow\Video-Deneme-Scriptler\Video-2-image\images
2025-12-06 19:48:32,224 - Video2Image - INFO - Saved frame 6 at C:\Users\Ildeha\Desktop\Workflow\Video-Deneme-Scriptler\Video-2-image\images
2025-12-06 19:48:32,311 - Video2Image - INFO - Saved frame 7 at C:\Users\Ildeha\Desktop\Workflow\Video-Deneme-Scriptler\Video-2-image\images
2025-12-06 19:48:32,409 - Video2Image - INFO - Saved frame 8 at C:\Users\Ildeha\Desktop\Workflow\Video-Deneme-Scriptler\Video-2-image\images
2025-12-06 19:48:32,498 - Video2Image - INFO - Saved frame 9 at C:\Users\Ildeha\Desktop\Workflow\Video-Deneme-Scriptler\Video-2-image\images
2025-12-06 19:48:32,584 - Video2Image - INFO - Saved frame 10 at C:\Users\Ildeha\Desktop\Workflow\Video-Deneme-Scriptler\Video-2-image\images
2025-12-06 19:48:32,670 - Video2Image - INFO - Saved frame 11 at C:\Users\Ildeha\Desktop\Workflow\Video-Deneme-Scriptler\Video-2-image\images
2025-12-06 19:48:32,754 - Video2Image - INFO - Saved frame 12 at C:\Users\Ildeha\Desktop\Workflow\Video-Deneme-Scriptler\Video-2-image\images
2025-12-06 19:48:32,840 - Video2Image - INFO - Saved frame 13 at C:\Users\Ildeha\Desktop\Workflow\Video-Deneme-Scriptler\Video-2-image\images
2025-12-06 19:48:32,926 - Video2Image - INFO - Saved frame 14 at C:\Users\Ildeha\Desktop\Workflow\Video-Deneme-Scriptler\Video-2-image\images
2025-12-06 19:48:33,008 - Video2Image - INFO - Saved frame 15 at C:\Users\Ildeha\Desktop\Workflow\Video-Deneme-Scriptler\Video-2-image\images
2025-12-06 19:48:33,090 - Video2Image - INFO - Saved frame 16 at C:\Users\Ildeha\Desktop\Workflow\Video-Deneme-Scriptler\Video-2-image\images
2025-12-06 19:48:33,179 - Video2Image - INFO - Saved frame 17 at C:\Users\Ildeha\Desktop\Workflow\Video-Deneme-Scriptler\Video-2-image\images
2025-12-06 19:48:33,270 - Video2Image - INFO - Saved frame 18 at C:\Users\Ildeha\Desktop\Workflow\Video-Deneme-Scriptler\Video-2-image\images
2025-12-06 19:48:33,354 - Video2Image - INFO - Saved frame 19 at C:\Users\Ildeha\Desktop\Workflow\Video-Deneme-Scriptler\Video-2-image\images
2025-12-06 19:48:33,442 - Video2Image - INFO - Saved frame 20 at C:\Users\Ildeha\Desktop\Workflow\Video-Deneme-Scriptler\Video-2-image\images
2025-12-06 19:48:33,527 - Video2Image - INFO - Saved frame 21 at C:\Users\Ildeha\Desktop\Workflow\Video-Deneme-Scriptler\Video-2-image\images
2025-12-06 19:48:33,612 - Video2Image - INFO - Saved frame 22 at C:\Users\Ildeha\Desktop\Workflow\Video-Deneme-Scriptler\Video-2-image\images
2025-12-06 19:48:33,698 - Video2Image - INFO - Saved frame 23 at C:\Users\Ildeha\Desktop\Workflow\Video-Deneme-Scriptler\Video-2-image\images
2025-12-06 19:48:33,785 - Video2Image - INFO - Saved frame 24 at C:\Users\Ildeha\Desktop\Workflow\Video-Deneme-Scriptler\Video-2-image\images
2025-12-06 19:48:33,868 - Video2Image - INFO - Saved frame 25 at C:\Users\Ildeha\Desktop\Workflow\Video-Deneme-Scriptler\Video-2-image\images
2025-12-06 19:48:33,953 - Video2Image - INFO - Saved frame 26 at C:\Users\Ildeha\Desktop\Workflow\Video-Deneme-Scriptler\Video-2-image\images
2025-12-06 19:48:34,027 - Video2Image - INFO - Saved frame 27 at C:\Users\Ildeha\Desktop\Workflow\Video-Deneme-Scriptler\Video-2-image\images
2025-12-06 19:48:34,100 - Video2Image - INFO - Saved frame 28 at C:\Users\Ildeha\Desktop\Workflow\Video-Deneme-Scriptler\Video-2-image\images
2025-12-06 19:48:34,180 - Video2Image - INFO - Saved frame 29 at C:\Users\Ildeha\Desktop\Workflow\Video-Deneme-Scriptler\Video-2-image\images
2025-12-06 19:48:34,275 - Video2Image - INFO - Saved frame 30 at C:\Users\Ildeha\Desktop\Workflow\Video-Deneme-Scriptler\Video-2-image\images
2025-12-06 19:48:34,311 - Video2Image - INFO - Reached the end of the last frame.
2025-12-06 19:48:34,328 - Video2Image - INFO - Released video capture object.
2025-12-06 19:48:34,328 - Video2Image - INFO - Total frames saved: 30
